   1               		.file	"BinarySensor.c"
   2               	__SP_H__ = 0x3e
   3               	__SP_L__ = 0x3d
   4               	__SREG__ = 0x3f
   5               	__RAMPZ__ = 0x3b
   6               	__tmp_reg__ = 0
   7               	__zero_reg__ = 1
   8               		.text
   9               	.Ltext0:
  10               		.cfi_sections	.debug_frame
  11               	.global	BinarySensor_Add
  13               	BinarySensor_Add:
  14               	.LFB4:
  15               		.file 1 "src/BinarySensor.c"
   1:src/BinarySensor.c **** #include "BinarySensor.h"
   2:src/BinarySensor.c **** 
   3:src/BinarySensor.c **** void BinarySensor_Add(Pin* pin) {
  16               		.loc 1 3 0
  17               		.cfi_startproc
  18               	.LVL0:
  19               	/* prologue: function */
  20               	/* frame size = 0 */
  21               	/* stack size = 0 */
  22               	.L__stack_usage = 0
   4:src/BinarySensor.c ****   Pin_SetMode(pin, PIN_INPUT);
  23               		.loc 1 4 0
  24 0000 60E0      		ldi r22,0
  25 0002 0C94 0000 		jmp Pin_SetMode
  26               	.LVL1:
  27               		.cfi_endproc
  28               	.LFE4:
  30               	.global	ifSensorDetected
  32               	ifSensorDetected:
  33               	.LFB5:
   5:src/BinarySensor.c **** }
   6:src/BinarySensor.c **** 
   7:src/BinarySensor.c **** bool ifSensorDetected(Pin* pin) {
  34               		.loc 1 7 0
  35               		.cfi_startproc
  36               	.LVL2:
  37               	/* prologue: function */
  38               	/* frame size = 0 */
  39               	/* stack size = 0 */
  40               	.L__stack_usage = 0
   8:src/BinarySensor.c ****   if (bit_is_set(*(pin->PINx), pin->Pxn)) {
  41               		.loc 1 8 0
  42 0006 DC01      		movw r26,r24
  43 0008 1496      		adiw r26,4
  44 000a ED91      		ld r30,X+
  45 000c FC91      		ld r31,X
  46 000e 1597      		sbiw r26,4+1
  47 0010 2081      		ld r18,Z
  48 0012 30E0      		ldi r19,0
  49 0014 F901      		movw r30,r18
  50 0016 1696      		adiw r26,6
  51 0018 0C90      		ld r0,X
  52 001a 00C0      		rjmp 2f
  53               		1:
  54 001c F595      		asr r31
  55 001e E795      		ror r30
  56               		2:
  57 0020 0A94      		dec r0
  58 0022 02F4      		brpl 1b
  59 0024 CF01      		movw r24,r30
  60               	.LVL3:
   9:src/BinarySensor.c ****     return true;
  10:src/BinarySensor.c ****   } else {
  11:src/BinarySensor.c ****     return false;
  12:src/BinarySensor.c ****   }
  13:src/BinarySensor.c **** }
  61               		.loc 1 13 0
  62 0026 8170      		andi r24,lo8(1)
  63 0028 0895      		ret
  64               		.cfi_endproc
  65               	.LFE5:
  67               	.Letext0:
  68               		.file 2 "/usr/lib/avr/include/stdint.h"
  69               		.file 3 "src/Pin.h"
DEFINED SYMBOLS
                            *ABS*:0000000000000000 BinarySensor.c
     /tmp/cce6JFb8.s:2      *ABS*:000000000000003e __SP_H__
     /tmp/cce6JFb8.s:3      *ABS*:000000000000003d __SP_L__
     /tmp/cce6JFb8.s:4      *ABS*:000000000000003f __SREG__
     /tmp/cce6JFb8.s:5      *ABS*:000000000000003b __RAMPZ__
     /tmp/cce6JFb8.s:6      *ABS*:0000000000000000 __tmp_reg__
     /tmp/cce6JFb8.s:7      *ABS*:0000000000000001 __zero_reg__
     /tmp/cce6JFb8.s:13     .text:0000000000000000 BinarySensor_Add
     /tmp/cce6JFb8.s:32     .text:0000000000000006 ifSensorDetected

UNDEFINED SYMBOLS
Pin_SetMode
