   1               		.file	"CanBus.c"
   2               	__SP_H__ = 0x3e
   3               	__SP_L__ = 0x3d
   4               	__SREG__ = 0x3f
   5               	__RAMPZ__ = 0x3b
   6               	__tmp_reg__ = 0
   7               	__zero_reg__ = 1
   8               		.text
   9               	.Ltext0:
  10               		.cfi_sections	.debug_frame
  11               		.section	.rodata
  12               	.LC0:
  13 0000 00        		.byte	0
  14 0001 7F        		.byte	127
  15 0002 00        		.byte	0
  16 0003 00        		.byte	0
  17 0004 00        		.byte	0
  18 0005 00        		.byte	0
  19 0006 00        		.byte	0
  20 0007 00        		.byte	0
  21 0008 0C        		.byte	12
  22               		.text
  23               	.global	CANbus_Init
  25               	CANbus_Init:
  26               	.LFB1:
  27               		.file 1 "src/CanBus.c"
   1:src/CanBus.c  **** #include "CanBus.h"
   2:src/CanBus.c  **** 
   3:src/CanBus.c  **** void CANbus_Init(void) {
  28               		.loc 1 3 0
  29               		.cfi_startproc
  30 0000 CF93      		push r28
  31               	.LCFI0:
  32               		.cfi_def_cfa_offset 3
  33               		.cfi_offset 28, -2
  34 0002 DF93      		push r29
  35               	.LCFI1:
  36               		.cfi_def_cfa_offset 4
  37               		.cfi_offset 29, -3
  38 0004 CDB7      		in r28,__SP_L__
  39 0006 DEB7      		in r29,__SP_H__
  40               	.LCFI2:
  41               		.cfi_def_cfa_register 28
  42 0008 2997      		sbiw r28,9
  43               	.LCFI3:
  44               		.cfi_def_cfa_offset 13
  45 000a 0FB6      		in __tmp_reg__,__SREG__
  46 000c F894      		cli
  47 000e DEBF      		out __SP_H__,r29
  48 0010 0FBE      		out __SREG__,__tmp_reg__
  49 0012 CDBF      		out __SP_L__,r28
  50               	/* prologue: function */
  51               	/* frame size = 9 */
  52               	/* stack size = 11 */
  53               	.L__stack_usage = 11
   4:src/CanBus.c  **** 
   5:src/CanBus.c  ****   can_init(CAN_BUS_BITRATE);
  54               		.loc 1 5 0
  55 0014 86E0      		ldi r24,lo8(6)
  56 0016 0E94 0000 		call can_init
  57               	.LVL0:
   6:src/CanBus.c  **** 
   7:src/CanBus.c  ****   // CANbus filters Initialisation for id and mask
   8:src/CanBus.c  ****   can_filter_t filter = {
  58               		.loc 1 8 0
  59 001a 89E0      		ldi r24,lo8(9)
  60 001c E0E0      		ldi r30,lo8(.LC0)
  61 001e F0E0      		ldi r31,hi8(.LC0)
  62 0020 DE01      		movw r26,r28
  63 0022 1196      		adiw r26,1
  64               		0:
  65 0024 0190      		ld r0,Z+
  66 0026 0D92      		st X+,r0
  67 0028 8A95      		dec r24
  68 002a 01F4      		brne 0b
   9:src/CanBus.c  ****       .id = 0x00007F00,
  10:src/CanBus.c  ****       .mask = 0x00000000,
  11:src/CanBus.c  ****       .flags = {
  12:src/CanBus.c  ****           .rtr = 0,
  13:src/CanBus.c  ****           .extended = 0x03
  14:src/CanBus.c  ****       }
  15:src/CanBus.c  ****   };
  16:src/CanBus.c  **** 
  17:src/CanBus.c  ****   // For all CANPAGE-s
  18:src/CanBus.c  ****   can_set_filter(0, &filter);
  69               		.loc 1 18 0
  70 002c BE01      		movw r22,r28
  71 002e 6F5F      		subi r22,-1
  72 0030 7F4F      		sbci r23,-1
  73 0032 80E0      		ldi r24,0
  74 0034 0E94 0000 		call can_set_filter
  75               	.LVL1:
  76               	/* epilogue start */
  19:src/CanBus.c  **** 
  20:src/CanBus.c  **** }
  77               		.loc 1 20 0
  78 0038 2996      		adiw r28,9
  79 003a 0FB6      		in __tmp_reg__,__SREG__
  80 003c F894      		cli
  81 003e DEBF      		out __SP_H__,r29
  82 0040 0FBE      		out __SREG__,__tmp_reg__
  83 0042 CDBF      		out __SP_L__,r28
  84 0044 DF91      		pop r29
  85 0046 CF91      		pop r28
  86 0048 0895      		ret
  87               		.cfi_endproc
  88               	.LFE1:
  90               	.Letext0:
  91               		.file 2 "/usr/lib/avr/include/stdint.h"
  92               		.file 3 "./libs/can/can.h"
DEFINED SYMBOLS
                            *ABS*:0000000000000000 CanBus.c
     /tmp/ccJQtHJs.s:2      *ABS*:000000000000003e __SP_H__
     /tmp/ccJQtHJs.s:3      *ABS*:000000000000003d __SP_L__
     /tmp/ccJQtHJs.s:4      *ABS*:000000000000003f __SREG__
     /tmp/ccJQtHJs.s:5      *ABS*:000000000000003b __RAMPZ__
     /tmp/ccJQtHJs.s:6      *ABS*:0000000000000000 __tmp_reg__
     /tmp/ccJQtHJs.s:7      *ABS*:0000000000000001 __zero_reg__
     /tmp/ccJQtHJs.s:25     .text:0000000000000000 CANbus_Init

UNDEFINED SYMBOLS
can_init
can_set_filter
__do_copy_data
